<?xml version="1.0" encoding="UTF-8"?>
<testsuite xmlns:xsi="http://www.w3.org/2001/XMLSchema-instance" xsi:noNamespaceSchemaLocation="https://maven.apache.org/surefire/maven-surefire-plugin/xsd/surefire-test-report.xsd" name="io.github.sirnikolai.days.Day2Test" time="0" tests="2" errors="0" skipped="0" failures="0">
  <properties>
[...]
</properties>
  <testcase name="testPart1" classname="io.github.sirnikolai.days.Day2Test" time="0"/>
  <testcase name="testPart2" classname="io.github.sirnikolai.days.Day2Test" time="0"/>
</testsuite>